# JRE version: Java(TM) SE Runtime Environment (11.0.6+8) (build 11.0.6+8-LTS)
# Java VM: Java HotSpot(TM) 64-Bit Server VM (11.0.6+8-LTS, mixed mode, tiered, compressed oops, g1 gc, windows-amd64)
Heap:
 garbage-first heap   total 260096K, used 44389K [0x0000000702e00000, 0x0000000800000000)
  region size 1024K, 40 young (40960K), 3 survivors (3072K)
 Metaspace       used 29625K, capacity 30441K, committed 30720K, reserved 1077248K
  class space    used 3425K, capacity 3762K, committed 3840K, reserved 1048576K
GC Heap History (6 events):
Event: 2.002 GC heap before
{Heap before GC invocations=0 (full 0):
 garbage-first heap   total 260096K, used 24576K [0x0000000702e00000, 0x0000000800000000)
  region size 1024K, 24 young (24576K), 0 survivors (0K)
 Metaspace       used 14063K, capacity 14327K, committed 14592K, reserved 1062912K
  class space    used 1413K, capacity 1510K, committed 1536K, reserved 1048576K
}
Event: 2.016 GC heap after
{Heap after GC invocations=1 (full 0):
 garbage-first heap   total 260096K, used 4967K [0x0000000702e00000, 0x0000000800000000)
  region size 1024K, 3 young (3072K), 3 survivors (3072K)
 Metaspace       used 14063K, capacity 14327K, committed 14592K, reserved 1062912K
  class space    used 1413K, capacity 1510K, committed 1536K, reserved 1048576K
}
Event: 2.769 GC heap before
{Heap before GC invocations=1 (full 0):
 garbage-first heap   total 260096K, used 32615K [0x0000000702e00000, 0x0000000800000000)
  region size 1024K, 31 young (31744K), 3 survivors (3072K)
 Metaspace       used 20665K, capacity 21117K, committed 21248K, reserved 1069056K
  class space    used 2270K, capacity 2460K, committed 2560K, reserved 1048576K
}
Event: 2.785 GC heap after
{Heap after GC invocations=2 (full 0):
 garbage-first heap   total 260096K, used 5991K [0x0000000702e00000, 0x0000000800000000)
  region size 1024K, 4 young (4096K), 4 survivors (4096K)
 Metaspace       used 20665K, capacity 21117K, committed 21248K, reserved 1069056K
  class space    used 2270K, capacity 2460K, committed 2560K, reserved 1048576K
}
Event: 3.880 GC heap before
{Heap before GC invocations=3 (full 0):
 garbage-first heap   total 260096K, used 30567K [0x0000000702e00000, 0x0000000800000000)
  region size 1024K, 28 young (28672K), 4 survivors (4096K)
 Metaspace       used 24012K, capacity 24621K, committed 24704K, reserved 1071104K
  class space    used 2678K, capacity 2898K, committed 2944K, reserved 1048576K
}
Event: 3.896 GC heap after
{Heap after GC invocations=4 (full 0):
 garbage-first heap   total 260096K, used 7525K [0x0000000702e00000, 0x0000000800000000)
  region size 1024K, 3 young (3072K), 3 survivors (3072K)
 Metaspace       used 24012K, capacity 24621K, committed 24704K, reserved 1071104K
  class space    used 2678K, capacity 2898K, committed 2944K, reserved 1048576K
}

